[debug] [2024-01-23T16:23:26.132Z] ----------------------------------------------------------------------
[debug] [2024-01-23T16:23:26.134Z] Command:       /usr/local/bin/node /usr/local/bin/firebase deploy --only functions
[debug] [2024-01-23T16:23:26.135Z] CLI Version:   12.7.0
[debug] [2024-01-23T16:23:26.135Z] Platform:      darwin
[debug] [2024-01-23T16:23:26.136Z] Node Version:  v18.18.2
[debug] [2024-01-23T16:23:26.139Z] Time:          Tue Jan 23 2024 08:23:26 GMT-0800 (Pacific Standard Time)
[debug] [2024-01-23T16:23:26.139Z] ----------------------------------------------------------------------
[debug] 
[debug] [2024-01-23T16:23:26.237Z] > command requires scopes: ["email","openid","https://www.googleapis.com/auth/cloudplatformprojects.readonly","https://www.googleapis.com/auth/firebase","https://www.googleapis.com/auth/cloud-platform"]
[debug] [2024-01-23T16:23:26.238Z] > authorizing via signed-in user (1sammpjp@gmail.com)
[debug] [2024-01-23T16:23:26.238Z] [iam] checking project crwn-clothui for permissions ["cloudfunctions.functions.create","cloudfunctions.functions.delete","cloudfunctions.functions.get","cloudfunctions.functions.list","cloudfunctions.functions.update","cloudfunctions.operations.get","firebase.projects.get"]
[debug] [2024-01-23T16:23:26.240Z] > refreshing access token with scopes: []
[debug] [2024-01-23T16:23:26.243Z] >>> [apiv2][query] POST https://www.googleapis.com/oauth2/v3/token [none]
[debug] [2024-01-23T16:23:26.244Z] >>> [apiv2][body] POST https://www.googleapis.com/oauth2/v3/token [omitted]
[debug] [2024-01-23T16:23:26.878Z] <<< [apiv2][status] POST https://www.googleapis.com/oauth2/v3/token 200
[debug] [2024-01-23T16:23:26.880Z] <<< [apiv2][body] POST https://www.googleapis.com/oauth2/v3/token [omitted]
[debug] [2024-01-23T16:23:26.912Z] >>> [apiv2][query] POST https://cloudresourcemanager.googleapis.com/v1/projects/crwn-clothui:testIamPermissions [none]
[debug] [2024-01-23T16:23:26.912Z] >>> [apiv2][(partial)header] POST https://cloudresourcemanager.googleapis.com/v1/projects/crwn-clothui:testIamPermissions x-goog-quota-user=projects/crwn-clothui
[debug] [2024-01-23T16:23:26.912Z] >>> [apiv2][body] POST https://cloudresourcemanager.googleapis.com/v1/projects/crwn-clothui:testIamPermissions {"permissions":["cloudfunctions.functions.create","cloudfunctions.functions.delete","cloudfunctions.functions.get","cloudfunctions.functions.list","cloudfunctions.functions.update","cloudfunctions.operations.get","firebase.projects.get"]}
[debug] [2024-01-23T16:23:27.236Z] <<< [apiv2][status] POST https://cloudresourcemanager.googleapis.com/v1/projects/crwn-clothui:testIamPermissions 200
[debug] [2024-01-23T16:23:27.236Z] <<< [apiv2][body] POST https://cloudresourcemanager.googleapis.com/v1/projects/crwn-clothui:testIamPermissions {"permissions":["cloudfunctions.functions.create","cloudfunctions.functions.delete","cloudfunctions.functions.get","cloudfunctions.functions.list","cloudfunctions.functions.update","cloudfunctions.operations.get","firebase.projects.get"]}
[debug] [2024-01-23T16:23:27.236Z] >>> [apiv2][query] POST https://iam.googleapis.com/v1/projects/crwn-clothui/serviceAccounts/crwn-clothui@appspot.gserviceaccount.com:testIamPermissions [none]
[debug] [2024-01-23T16:23:27.236Z] >>> [apiv2][body] POST https://iam.googleapis.com/v1/projects/crwn-clothui/serviceAccounts/crwn-clothui@appspot.gserviceaccount.com:testIamPermissions {"permissions":["iam.serviceAccounts.actAs"]}
[debug] [2024-01-23T16:23:27.666Z] <<< [apiv2][status] POST https://iam.googleapis.com/v1/projects/crwn-clothui/serviceAccounts/crwn-clothui@appspot.gserviceaccount.com:testIamPermissions 200
[debug] [2024-01-23T16:23:27.666Z] <<< [apiv2][body] POST https://iam.googleapis.com/v1/projects/crwn-clothui/serviceAccounts/crwn-clothui@appspot.gserviceaccount.com:testIamPermissions {"permissions":["iam.serviceAccounts.actAs"]}
[info] 
[info] === Deploying to 'crwn-clothui'...
[info] 
[info] i  deploying functions 
[debug] [2024-01-23T16:23:27.670Z] >>> [apiv2][query] GET https://firebase.googleapis.com/v1beta1/projects/crwn-clothui [none]
[debug] [2024-01-23T16:23:27.928Z] <<< [apiv2][status] GET https://firebase.googleapis.com/v1beta1/projects/crwn-clothui 200
[debug] [2024-01-23T16:23:27.928Z] <<< [apiv2][body] GET https://firebase.googleapis.com/v1beta1/projects/crwn-clothui {"projectId":"crwn-clothui","projectNumber":"143128131551","displayName":"crwn-clothui","name":"projects/crwn-clothui","resources":{"hostingSite":"crwn-clothui"},"state":"ACTIVE","etag":"1_f32cea14-d620-487d-9e16-2298caa84000"}
[info] i  functions: preparing codebase default for deployment 
[info] i  functions: ensuring required API cloudfunctions.googleapis.com is enabled... 
[info] i  functions: ensuring required API cloudbuild.googleapis.com is enabled... 
[info] i  artifactregistry: ensuring required API artifactregistry.googleapis.com is enabled... 
[debug] [2024-01-23T16:23:27.931Z] >>> [apiv2][query] GET https://serviceusage.googleapis.com/v1/projects/crwn-clothui/services/cloudfunctions.googleapis.com [none]
[debug] [2024-01-23T16:23:27.931Z] >>> [apiv2][(partial)header] GET https://serviceusage.googleapis.com/v1/projects/crwn-clothui/services/cloudfunctions.googleapis.com x-goog-quota-user=projects/crwn-clothui
[debug] [2024-01-23T16:23:27.932Z] >>> [apiv2][query] GET https://serviceusage.googleapis.com/v1/projects/crwn-clothui/services/runtimeconfig.googleapis.com [none]
[debug] [2024-01-23T16:23:27.932Z] >>> [apiv2][(partial)header] GET https://serviceusage.googleapis.com/v1/projects/crwn-clothui/services/runtimeconfig.googleapis.com x-goog-quota-user=projects/crwn-clothui
[debug] [2024-01-23T16:23:27.934Z] >>> [apiv2][query] GET https://serviceusage.googleapis.com/v1/projects/crwn-clothui/services/cloudbuild.googleapis.com [none]
[debug] [2024-01-23T16:23:27.934Z] >>> [apiv2][(partial)header] GET https://serviceusage.googleapis.com/v1/projects/crwn-clothui/services/cloudbuild.googleapis.com x-goog-quota-user=projects/crwn-clothui
[debug] [2024-01-23T16:23:27.936Z] >>> [apiv2][query] GET https://serviceusage.googleapis.com/v1/projects/crwn-clothui/services/artifactregistry.googleapis.com [none]
[debug] [2024-01-23T16:23:27.936Z] >>> [apiv2][(partial)header] GET https://serviceusage.googleapis.com/v1/projects/crwn-clothui/services/artifactregistry.googleapis.com x-goog-quota-user=projects/crwn-clothui
[debug] [2024-01-23T16:23:28.335Z] <<< [apiv2][status] GET https://serviceusage.googleapis.com/v1/projects/crwn-clothui/services/cloudfunctions.googleapis.com 200
[debug] [2024-01-23T16:23:28.336Z] <<< [apiv2][body] GET https://serviceusage.googleapis.com/v1/projects/crwn-clothui/services/cloudfunctions.googleapis.com [omitted]
[info] ✔  functions: required API cloudfunctions.googleapis.com is enabled 
[debug] [2024-01-23T16:23:28.337Z] <<< [apiv2][status] GET https://serviceusage.googleapis.com/v1/projects/crwn-clothui/services/runtimeconfig.googleapis.com 200
[debug] [2024-01-23T16:23:28.338Z] <<< [apiv2][body] GET https://serviceusage.googleapis.com/v1/projects/crwn-clothui/services/runtimeconfig.googleapis.com [omitted]
[debug] [2024-01-23T16:23:28.378Z] <<< [apiv2][status] GET https://serviceusage.googleapis.com/v1/projects/crwn-clothui/services/artifactregistry.googleapis.com 200
[debug] [2024-01-23T16:23:28.378Z] <<< [apiv2][body] GET https://serviceusage.googleapis.com/v1/projects/crwn-clothui/services/artifactregistry.googleapis.com [omitted]
[info] ✔  artifactregistry: required API artifactregistry.googleapis.com is enabled 
[debug] [2024-01-23T16:23:28.380Z] <<< [apiv2][status] GET https://serviceusage.googleapis.com/v1/projects/crwn-clothui/services/cloudbuild.googleapis.com 200
[debug] [2024-01-23T16:23:28.380Z] <<< [apiv2][body] GET https://serviceusage.googleapis.com/v1/projects/crwn-clothui/services/cloudbuild.googleapis.com [omitted]
[info] ✔  functions: required API cloudbuild.googleapis.com is enabled 
[debug] [2024-01-23T16:23:28.380Z] >>> [apiv2][query] GET https://firebase.googleapis.com/v1beta1/projects/crwn-clothui/adminSdkConfig [none]
[debug] [2024-01-23T16:23:28.650Z] <<< [apiv2][status] GET https://firebase.googleapis.com/v1beta1/projects/crwn-clothui/adminSdkConfig 200
[debug] [2024-01-23T16:23:28.650Z] <<< [apiv2][body] GET https://firebase.googleapis.com/v1beta1/projects/crwn-clothui/adminSdkConfig {"projectId":"crwn-clothui","storageBucket":"crwn-clothui.appspot.com"}
[debug] [2024-01-23T16:23:28.651Z] >>> [apiv2][query] GET https://runtimeconfig.googleapis.com/v1beta1/projects/crwn-clothui/configs [none]
[debug] [2024-01-23T16:23:28.848Z] <<< [apiv2][status] GET https://runtimeconfig.googleapis.com/v1beta1/projects/crwn-clothui/configs 200
[debug] [2024-01-23T16:23:28.849Z] <<< [apiv2][body] GET https://runtimeconfig.googleapis.com/v1beta1/projects/crwn-clothui/configs {}
[debug] [2024-01-23T16:23:28.850Z] Validating nodejs source
[debug] [2024-01-23T16:23:30.641Z] > [functions] package.json contents: {
  "name": "functions",
  "description": "Cloud Functions for Firebase",
  "scripts": {
    "serve": "firebase emulators:start --only functions",
    "shell": "firebase functions:shell",
    "start": "npm run shell",
    "deploy": "firebase deploy --only functions",
    "logs": "firebase functions:log"
  },
  "engines": {
    "node": "18"
  },
  "main": "index.js",
  "dependencies": {
    "firebase-admin": "^11.8.0",
    "firebase-functions": "^4.3.1"
  },
  "devDependencies": {
    "firebase-functions-test": "^3.1.0"
  },
  "private": true
}
[debug] [2024-01-23T16:23:30.642Z] Building nodejs source
[info] i  functions: Loading and analyzing source code for codebase default to determine what to deploy 
[debug] [2024-01-23T16:23:30.643Z] Could not find functions.yaml. Must use http discovery
[debug] [2024-01-23T16:23:30.657Z] Found firebase-functions binary at '/Users/school/Desktop/code-master/leaderbor/functions/node_modules/.bin/firebase-functions'
[info] Serving at port 8045

[debug] [2024-01-23T16:23:31.974Z] Got response from /__/functions.yaml {"endpoints":{"updateTopPostTimer":{"platform":"gcfv1","availableMemoryMb":null,"timeoutSeconds":null,"minInstances":null,"maxInstances":null,"ingressSettings":null,"serviceAccountEmail":null,"vpc":null,"scheduleTrigger":{"schedule":"every 30 seconds","retryConfig":{"retryCount":null,"maxDoublings":null,"maxRetryDuration":null,"maxBackoffDuration":null,"minBackoffDuration":null},"timeZone":"UTC"},"labels":{},"entryPoint":"updateTopPostTimer"}},"specVersion":"v1alpha1","requiredAPIs":[{"api":"cloudscheduler.googleapis.com","reason":"Needed for scheduled functions."}]}
[info] i  functions: preparing functions directory for uploading... 
[info] i  functions: packaged /Users/school/Desktop/code-master/leaderbor/functions (67.98 KB) for uploading 
[debug] [2024-01-23T16:23:32.142Z] >>> [apiv2][query] GET https://cloudfunctions.googleapis.com/v1/projects/crwn-clothui/locations/-/functions [none]
[debug] [2024-01-23T16:23:32.513Z] <<< [apiv2][status] GET https://cloudfunctions.googleapis.com/v1/projects/crwn-clothui/locations/-/functions 200
[debug] [2024-01-23T16:23:32.513Z] <<< [apiv2][body] GET https://cloudfunctions.googleapis.com/v1/projects/crwn-clothui/locations/-/functions {"functions":[{"name":"projects/crwn-clothui/locations/us-central1/functions/updateTopPostTimer","eventTrigger":{"eventType":"google.pubsub.topic.publish","resource":"projects/crwn-clothui/topics/firebase-schedule-updateTopPostTimer-us-central1","service":"pubsub.googleapis.com","failurePolicy":{}},"status":"ACTIVE","entryPoint":"updateTopPostTimer","timeout":"60s","availableMemoryMb":256,"serviceAccountEmail":"crwn-clothui@appspot.gserviceaccount.com","updateTime":"2024-01-23T16:15:55.471Z","versionId":"1","labels":{"deployment-tool":"cli-firebase","deployment-scheduled":"true","firebase-functions-hash":"a77e11e6ec215b528fc9882ba3951f725db30e41"},"sourceUploadUrl":"https://storage.googleapis.com/uploads-64743348168.us-central1.cloudfunctions.appspot.com/ea23fecd-56a6-46d1-9c6d-33eed994b056.zip","environmentVariables":{"FIREBASE_CONFIG":"{\"projectId\":\"crwn-clothui\",\"storageBucket\":\"crwn-clothui.appspot.com\"}","GCLOUD_PROJECT":"crwn-clothui","EVENTARC_CLOUD_EVENT_SOURCE":"projects/crwn-clothui/locations/us-central1/functions/updateTopPostTimer"},"runtime":"nodejs18","maxInstances":3000,"ingressSettings":"ALLOW_ALL","buildId":"be8a6956-b770-49eb-a14c-1cade15e72da","buildEnvironmentVariables":{"GOOGLE_NODE_RUN_SCRIPTS":""},"buildName":"projects/143128131551/locations/us-central1/builds/be8a6956-b770-49eb-a14c-1cade15e72da","dockerRegistry":"ARTIFACT_REGISTRY","automaticUpdatePolicy":{}}]}
[debug] [2024-01-23T16:23:32.515Z] >>> [apiv2][query] GET https://cloudfunctions.googleapis.com/v2/projects/crwn-clothui/locations/-/functions filter=environment%3D%22GEN_2%22
[debug] [2024-01-23T16:23:33.255Z] <<< [apiv2][status] GET https://cloudfunctions.googleapis.com/v2/projects/crwn-clothui/locations/-/functions 200
[debug] [2024-01-23T16:23:33.255Z] <<< [apiv2][body] GET https://cloudfunctions.googleapis.com/v2/projects/crwn-clothui/locations/-/functions {}
[info] i  functions: ensuring required API cloudscheduler.googleapis.com is enabled... 
[debug] [2024-01-23T16:23:33.257Z] >>> [apiv2][query] GET https://serviceusage.googleapis.com/v1/projects/crwn-clothui/services/cloudscheduler.googleapis.com [none]
[debug] [2024-01-23T16:23:33.258Z] >>> [apiv2][(partial)header] GET https://serviceusage.googleapis.com/v1/projects/crwn-clothui/services/cloudscheduler.googleapis.com x-goog-quota-user=projects/crwn-clothui
[debug] [2024-01-23T16:23:33.764Z] <<< [apiv2][status] GET https://serviceusage.googleapis.com/v1/projects/crwn-clothui/services/cloudscheduler.googleapis.com 200
[debug] [2024-01-23T16:23:33.764Z] <<< [apiv2][body] GET https://serviceusage.googleapis.com/v1/projects/crwn-clothui/services/cloudscheduler.googleapis.com [omitted]
[info] ✔  functions: required API cloudscheduler.googleapis.com is enabled 
[debug] [2024-01-23T16:23:33.767Z] >>> [apiv2][query] GET https://firebase.googleapis.com/v1beta1/projects/crwn-clothui [none]
[debug] [2024-01-23T16:23:33.914Z] <<< [apiv2][status] GET https://firebase.googleapis.com/v1beta1/projects/crwn-clothui 200
[debug] [2024-01-23T16:23:33.914Z] <<< [apiv2][body] GET https://firebase.googleapis.com/v1beta1/projects/crwn-clothui {"projectId":"crwn-clothui","projectNumber":"143128131551","displayName":"crwn-clothui","name":"projects/crwn-clothui","resources":{"hostingSite":"crwn-clothui"},"state":"ACTIVE","etag":"1_f32cea14-d620-487d-9e16-2298caa84000"}
[debug] [2024-01-23T16:23:33.916Z] >>> [apiv2][query] POST https://cloudfunctions.googleapis.com/v1/projects/crwn-clothui/locations/us-central1/functions:generateUploadUrl [none]
[debug] [2024-01-23T16:23:33.916Z] >>> [apiv2][body] POST https://cloudfunctions.googleapis.com/v1/projects/crwn-clothui/locations/us-central1/functions:generateUploadUrl {}
[debug] [2024-01-23T16:23:34.493Z] <<< [apiv2][status] POST https://cloudfunctions.googleapis.com/v1/projects/crwn-clothui/locations/us-central1/functions:generateUploadUrl 200
[debug] [2024-01-23T16:23:34.493Z] <<< [apiv2][body] POST https://cloudfunctions.googleapis.com/v1/projects/crwn-clothui/locations/us-central1/functions:generateUploadUrl {"uploadUrl":"https://storage.googleapis.com/uploads-64743348168.us-central1.cloudfunctions.appspot.com/0b7a31df-b453-4fc4-88dd-e79343ce65ad.zip?GoogleAccessId=service-143128131551@gcf-admin-robot.iam.gserviceaccount.com&Expires=1706028814&Signature=t5qUTYK5WETLdx6bL%2FhQFls8sey9rxQQEWJR7wYY%2FIDd53R%2FNxFnD2lm9r7sWsJXCMzQq9pyJA%2B070GijJOOPiJ%2BTa3MgOCwcSRV9YytgidTTKpIRVinoGcL9lStE2kImX3DOx0dq%2FQbrq7VxksLFkQ%2FKsVxFlGbPqgnEzg3V5WJbmshVppPisy2PVuOmfyuBCaavSqnGT90AS97MvD82xUDmRwIqsJLKNhEnzICItZ%2FmOFLMHF28e%2FuqS5KpmVjxQTqleo4AWY%2BCksM9P6zFBNzgTm2I40VpcvBtTmwkKAUnk4Q7lF75FihJQHmThPtumu4XncqQtD%2BzDT4hvyfMA%3D%3D"}
[debug] [2024-01-23T16:23:34.494Z] >>> [apiv2][query] PUT https://storage.googleapis.com/uploads-64743348168.us-central1.cloudfunctions.appspot.com/0b7a31df-b453-4fc4-88dd-e79343ce65ad.zip GoogleAccessId=service-143128131551%40gcf-admin-robot.iam.gserviceaccount.com&Expires=1706028814&Signature=t5qUTYK5WETLdx6bL%2FhQFls8sey9rxQQEWJR7wYY%2FIDd53R%2FNxFnD2lm9r7sWsJXCMzQq9pyJA%2B070GijJOOPiJ%2BTa3MgOCwcSRV9YytgidTTKpIRVinoGcL9lStE2kImX3DOx0dq%2FQbrq7VxksLFkQ%2FKsVxFlGbPqgnEzg3V5WJbmshVppPisy2PVuOmfyuBCaavSqnGT90AS97MvD82xUDmRwIqsJLKNhEnzICItZ%2FmOFLMHF28e%2FuqS5KpmVjxQTqleo4AWY%2BCksM9P6zFBNzgTm2I40VpcvBtTmwkKAUnk4Q7lF75FihJQHmThPtumu4XncqQtD%2BzDT4hvyfMA%3D%3D
[debug] [2024-01-23T16:23:34.494Z] >>> [apiv2][body] PUT https://storage.googleapis.com/uploads-64743348168.us-central1.cloudfunctions.appspot.com/0b7a31df-b453-4fc4-88dd-e79343ce65ad.zip [stream]
[debug] [2024-01-23T16:23:35.011Z] <<< [apiv2][status] PUT https://storage.googleapis.com/uploads-64743348168.us-central1.cloudfunctions.appspot.com/0b7a31df-b453-4fc4-88dd-e79343ce65ad.zip 200
[debug] [2024-01-23T16:23:35.012Z] <<< [apiv2][body] PUT https://storage.googleapis.com/uploads-64743348168.us-central1.cloudfunctions.appspot.com/0b7a31df-b453-4fc4-88dd-e79343ce65ad.zip [omitted]
[info] ✔  functions: functions folder uploaded successfully 
[info] i  functions: updating Node.js 18 (1st Gen) function updateTopPostTimer(us-central1)... 
[debug] [2024-01-23T16:23:35.019Z] >>> [apiv2][query] PATCH https://cloudfunctions.googleapis.com/v1/projects/crwn-clothui/locations/us-central1/functions/updateTopPostTimer updateMask=name%2CsourceUploadUrl%2CentryPoint%2Cruntime%2CdockerRegistry%2Clabels%2CeventTrigger.eventType%2CeventTrigger.resource%2CminInstances%2CmaxInstances%2CingressSettings%2CenvironmentVariables%2CserviceAccountEmail%2CavailableMemoryMb%2Ctimeout%2CvpcConnector%2CvpcConnectorEgressSettings%2CsourceToken%2CbuildEnvironmentVariables
[debug] [2024-01-23T16:23:35.019Z] >>> [apiv2][body] PATCH https://cloudfunctions.googleapis.com/v1/projects/crwn-clothui/locations/us-central1/functions/updateTopPostTimer {"name":"projects/crwn-clothui/locations/us-central1/functions/updateTopPostTimer","sourceUploadUrl":"https://storage.googleapis.com/uploads-64743348168.us-central1.cloudfunctions.appspot.com/0b7a31df-b453-4fc4-88dd-e79343ce65ad.zip?GoogleAccessId=service-143128131551@gcf-admin-robot.iam.gserviceaccount.com&Expires=1706028814&Signature=t5qUTYK5WETLdx6bL%2FhQFls8sey9rxQQEWJR7wYY%2FIDd53R%2FNxFnD2lm9r7sWsJXCMzQq9pyJA%2B070GijJOOPiJ%2BTa3MgOCwcSRV9YytgidTTKpIRVinoGcL9lStE2kImX3DOx0dq%2FQbrq7VxksLFkQ%2FKsVxFlGbPqgnEzg3V5WJbmshVppPisy2PVuOmfyuBCaavSqnGT90AS97MvD82xUDmRwIqsJLKNhEnzICItZ%2FmOFLMHF28e%2FuqS5KpmVjxQTqleo4AWY%2BCksM9P6zFBNzgTm2I40VpcvBtTmwkKAUnk4Q7lF75FihJQHmThPtumu4XncqQtD%2BzDT4hvyfMA%3D%3D","entryPoint":"updateTopPostTimer","runtime":"nodejs18","dockerRegistry":"ARTIFACT_REGISTRY","labels":{"deployment-tool":"cli-firebase","deployment-scheduled":"true","firebase-functions-hash":"85a25342e51b7196981a2f327c320a053d74730f"},"eventTrigger":{"eventType":"google.pubsub.topic.publish","resource":"projects/crwn-clothui/topics/firebase-schedule-updateTopPostTimer-us-central1"},"minInstances":null,"maxInstances":null,"ingressSettings":null,"environmentVariables":{"FIREBASE_CONFIG":"{\"projectId\":\"crwn-clothui\",\"storageBucket\":\"crwn-clothui.appspot.com\"}","GCLOUD_PROJECT":"crwn-clothui","EVENTARC_CLOUD_EVENT_SOURCE":"projects/crwn-clothui/locations/us-central1/functions/updateTopPostTimer"},"serviceAccountEmail":null,"availableMemoryMb":null,"timeout":null,"vpcConnector":null,"vpcConnectorEgressSettings":null,"buildEnvironmentVariables":{"GOOGLE_NODE_RUN_SCRIPTS":""}}
[debug] [2024-01-23T16:23:35.570Z] <<< [apiv2][status] PATCH https://cloudfunctions.googleapis.com/v1/projects/crwn-clothui/locations/us-central1/functions/updateTopPostTimer 200
[debug] [2024-01-23T16:23:35.570Z] <<< [apiv2][body] PATCH https://cloudfunctions.googleapis.com/v1/projects/crwn-clothui/locations/us-central1/functions/updateTopPostTimer {"name":"operations/Y3J3bi1jbG90aHVpL3VzLWNlbnRyYWwxL3VwZGF0ZVRvcFBvc3RUaW1lci9SczYzdFc1QndZaw","metadata":{"@type":"type.googleapis.com/google.cloud.functions.v1.OperationMetadataV1","target":"projects/crwn-clothui/locations/us-central1/functions/updateTopPostTimer","type":"UPDATE_FUNCTION","request":{"@type":"type.googleapis.com/google.cloud.functions.v1.CloudFunction","name":"projects/crwn-clothui/locations/us-central1/functions/updateTopPostTimer","eventTrigger":{"eventType":"google.pubsub.topic.publish","resource":"projects/crwn-clothui/topics/firebase-schedule-updateTopPostTimer-us-central1","service":"pubsub.googleapis.com","failurePolicy":{}},"status":"ACTIVE","entryPoint":"updateTopPostTimer","updateTime":"2024-01-23T16:15:55.471Z","versionId":"1","labels":{"deployment-tool":"cli-firebase","deployment-scheduled":"true","firebase-functions-hash":"85a25342e51b7196981a2f327c320a053d74730f"},"sourceUploadUrl":"https://storage.googleapis.com/uploads-64743348168.us-central1.cloudfunctions.appspot.com/0b7a31df-b453-4fc4-88dd-e79343ce65ad.zip?GoogleAccessId=service-143128131551@gcf-admin-robot.iam.gserviceaccount.com&Expires=1706028814&Signature=t5qUTYK5WETLdx6bL%2FhQFls8sey9rxQQEWJR7wYY%2FIDd53R%2FNxFnD2lm9r7sWsJXCMzQq9pyJA%2B070GijJOOPiJ%2BTa3MgOCwcSRV9YytgidTTKpIRVinoGcL9lStE2kImX3DOx0dq%2FQbrq7VxksLFkQ%2FKsVxFlGbPqgnEzg3V5WJbmshVppPisy2PVuOmfyuBCaavSqnGT90AS97MvD82xUDmRwIqsJLKNhEnzICItZ%2FmOFLMHF28e%2FuqS5KpmVjxQTqleo4AWY%2BCksM9P6zFBNzgTm2I40VpcvBtTmwkKAUnk4Q7lF75FihJQHmThPtumu4XncqQtD%2BzDT4hvyfMA%3D%3D","environmentVariables":{"FIREBASE_CONFIG":"{\"projectId\":\"crwn-clothui\",\"storageBucket\":\"crwn-clothui.appspot.com\"}","GCLOUD_PROJECT":"crwn-clothui","EVENTARC_CLOUD_EVENT_SOURCE":"projects/crwn-clothui/locations/us-central1/functions/updateTopPostTimer"},"runtime":"nodejs18","buildId":"be8a6956-b770-49eb-a14c-1cade15e72da","buildEnvironmentVariables":{"GOOGLE_NODE_RUN_SCRIPTS":""},"buildName":"projects/143128131551/locations/us-central1/builds/be8a6956-b770-49eb-a14c-1cade15e72da","dockerRegistry":"ARTIFACT_REGISTRY","automaticUpdatePolicy":{}},"versionId":"2","updateTime":"2024-01-23T16:23:35Z"}}
[debug] [2024-01-23T16:23:35.571Z] >>> [apiv2][query] GET https://cloudfunctions.googleapis.com/v1/operations/Y3J3bi1jbG90aHVpL3VzLWNlbnRyYWwxL3VwZGF0ZVRvcFBvc3RUaW1lci9SczYzdFc1QndZaw [none]
[debug] [2024-01-23T16:23:35.732Z] <<< [apiv2][status] GET https://cloudfunctions.googleapis.com/v1/operations/Y3J3bi1jbG90aHVpL3VzLWNlbnRyYWwxL3VwZGF0ZVRvcFBvc3RUaW1lci9SczYzdFc1QndZaw 200
[debug] [2024-01-23T16:23:35.732Z] <<< [apiv2][body] GET https://cloudfunctions.googleapis.com/v1/operations/Y3J3bi1jbG90aHVpL3VzLWNlbnRyYWwxL3VwZGF0ZVRvcFBvc3RUaW1lci9SczYzdFc1QndZaw {"name":"operations/Y3J3bi1jbG90aHVpL3VzLWNlbnRyYWwxL3VwZGF0ZVRvcFBvc3RUaW1lci9SczYzdFc1QndZaw","metadata":{"@type":"type.googleapis.com/google.cloud.functions.v1.OperationMetadataV1","target":"projects/crwn-clothui/locations/us-central1/functions/updateTopPostTimer","type":"UPDATE_FUNCTION","request":{"@type":"type.googleapis.com/google.cloud.functions.v1.CloudFunction","name":"projects/crwn-clothui/locations/us-central1/functions/updateTopPostTimer","eventTrigger":{"eventType":"google.pubsub.topic.publish","resource":"projects/crwn-clothui/topics/firebase-schedule-updateTopPostTimer-us-central1","service":"pubsub.googleapis.com","failurePolicy":{}},"status":"ACTIVE","entryPoint":"updateTopPostTimer","updateTime":"2024-01-23T16:15:55.471Z","versionId":"1","labels":{"deployment-tool":"cli-firebase","deployment-scheduled":"true","firebase-functions-hash":"85a25342e51b7196981a2f327c320a053d74730f"},"sourceUploadUrl":"https://storage.googleapis.com/uploads-64743348168.us-central1.cloudfunctions.appspot.com/0b7a31df-b453-4fc4-88dd-e79343ce65ad.zip?GoogleAccessId=service-143128131551@gcf-admin-robot.iam.gserviceaccount.com&Expires=1706028814&Signature=t5qUTYK5WETLdx6bL%2FhQFls8sey9rxQQEWJR7wYY%2FIDd53R%2FNxFnD2lm9r7sWsJXCMzQq9pyJA%2B070GijJOOPiJ%2BTa3MgOCwcSRV9YytgidTTKpIRVinoGcL9lStE2kImX3DOx0dq%2FQbrq7VxksLFkQ%2FKsVxFlGbPqgnEzg3V5WJbmshVppPisy2PVuOmfyuBCaavSqnGT90AS97MvD82xUDmRwIqsJLKNhEnzICItZ%2FmOFLMHF28e%2FuqS5KpmVjxQTqleo4AWY%2BCksM9P6zFBNzgTm2I40VpcvBtTmwkKAUnk4Q7lF75FihJQHmThPtumu4XncqQtD%2BzDT4hvyfMA%3D%3D","environmentVariables":{"FIREBASE_CONFIG":"{\"projectId\":\"crwn-clothui\",\"storageBucket\":\"crwn-clothui.appspot.com\"}","GCLOUD_PROJECT":"crwn-clothui","EVENTARC_CLOUD_EVENT_SOURCE":"projects/crwn-clothui/locations/us-central1/functions/updateTopPostTimer"},"runtime":"nodejs18","buildId":"be8a6956-b770-49eb-a14c-1cade15e72da","buildEnvironmentVariables":{"GOOGLE_NODE_RUN_SCRIPTS":""},"buildName":"projects/143128131551/locations/us-central1/builds/be8a6956-b770-49eb-a14c-1cade15e72da","dockerRegistry":"ARTIFACT_REGISTRY","automaticUpdatePolicy":{}},"versionId":"2","updateTime":"2024-01-23T16:23:35Z"}}
[debug] [2024-01-23T16:23:36.233Z] [update-default-us-central1-updateTopPostTimer] Retrying task index 0
[debug] [2024-01-23T16:23:36.234Z] >>> [apiv2][query] GET https://cloudfunctions.googleapis.com/v1/operations/Y3J3bi1jbG90aHVpL3VzLWNlbnRyYWwxL3VwZGF0ZVRvcFBvc3RUaW1lci9SczYzdFc1QndZaw [none]
[debug] [2024-01-23T16:23:36.397Z] <<< [apiv2][status] GET https://cloudfunctions.googleapis.com/v1/operations/Y3J3bi1jbG90aHVpL3VzLWNlbnRyYWwxL3VwZGF0ZVRvcFBvc3RUaW1lci9SczYzdFc1QndZaw 200
[debug] [2024-01-23T16:23:36.397Z] <<< [apiv2][body] GET https://cloudfunctions.googleapis.com/v1/operations/Y3J3bi1jbG90aHVpL3VzLWNlbnRyYWwxL3VwZGF0ZVRvcFBvc3RUaW1lci9SczYzdFc1QndZaw {"name":"operations/Y3J3bi1jbG90aHVpL3VzLWNlbnRyYWwxL3VwZGF0ZVRvcFBvc3RUaW1lci9SczYzdFc1QndZaw","metadata":{"@type":"type.googleapis.com/google.cloud.functions.v1.OperationMetadataV1","target":"projects/crwn-clothui/locations/us-central1/functions/updateTopPostTimer","type":"UPDATE_FUNCTION","request":{"@type":"type.googleapis.com/google.cloud.functions.v1.CloudFunction","name":"projects/crwn-clothui/locations/us-central1/functions/updateTopPostTimer","eventTrigger":{"eventType":"google.pubsub.topic.publish","resource":"projects/crwn-clothui/topics/firebase-schedule-updateTopPostTimer-us-central1","service":"pubsub.googleapis.com","failurePolicy":{}},"status":"ACTIVE","entryPoint":"updateTopPostTimer","updateTime":"2024-01-23T16:15:55.471Z","versionId":"1","labels":{"deployment-tool":"cli-firebase","deployment-scheduled":"true","firebase-functions-hash":"85a25342e51b7196981a2f327c320a053d74730f"},"sourceUploadUrl":"https://storage.googleapis.com/uploads-64743348168.us-central1.cloudfunctions.appspot.com/0b7a31df-b453-4fc4-88dd-e79343ce65ad.zip?GoogleAccessId=service-143128131551@gcf-admin-robot.iam.gserviceaccount.com&Expires=1706028814&Signature=t5qUTYK5WETLdx6bL%2FhQFls8sey9rxQQEWJR7wYY%2FIDd53R%2FNxFnD2lm9r7sWsJXCMzQq9pyJA%2B070GijJOOPiJ%2BTa3MgOCwcSRV9YytgidTTKpIRVinoGcL9lStE2kImX3DOx0dq%2FQbrq7VxksLFkQ%2FKsVxFlGbPqgnEzg3V5WJbmshVppPisy2PVuOmfyuBCaavSqnGT90AS97MvD82xUDmRwIqsJLKNhEnzICItZ%2FmOFLMHF28e%2FuqS5KpmVjxQTqleo4AWY%2BCksM9P6zFBNzgTm2I40VpcvBtTmwkKAUnk4Q7lF75FihJQHmThPtumu4XncqQtD%2BzDT4hvyfMA%3D%3D","environmentVariables":{"FIREBASE_CONFIG":"{\"projectId\":\"crwn-clothui\",\"storageBucket\":\"crwn-clothui.appspot.com\"}","GCLOUD_PROJECT":"crwn-clothui","EVENTARC_CLOUD_EVENT_SOURCE":"projects/crwn-clothui/locations/us-central1/functions/updateTopPostTimer"},"runtime":"nodejs18","buildId":"be8a6956-b770-49eb-a14c-1cade15e72da","buildEnvironmentVariables":{"GOOGLE_NODE_RUN_SCRIPTS":""},"buildName":"projects/143128131551/locations/us-central1/builds/be8a6956-b770-49eb-a14c-1cade15e72da","dockerRegistry":"ARTIFACT_REGISTRY","automaticUpdatePolicy":{}},"versionId":"2","updateTime":"2024-01-23T16:23:35Z","buildId":"10aa5b34-e664-4299-b3a0-4827196e54e5","buildName":"projects/143128131551/locations/us-central1/builds/10aa5b34-e664-4299-b3a0-4827196e54e5"}}
[debug] [2024-01-23T16:23:37.398Z] [update-default-us-central1-updateTopPostTimer] Retrying task index 0
[debug] [2024-01-23T16:23:37.398Z] >>> [apiv2][query] GET https://cloudfunctions.googleapis.com/v1/operations/Y3J3bi1jbG90aHVpL3VzLWNlbnRyYWwxL3VwZGF0ZVRvcFBvc3RUaW1lci9SczYzdFc1QndZaw [none]
[debug] [2024-01-23T16:23:37.526Z] <<< [apiv2][status] GET https://cloudfunctions.googleapis.com/v1/operations/Y3J3bi1jbG90aHVpL3VzLWNlbnRyYWwxL3VwZGF0ZVRvcFBvc3RUaW1lci9SczYzdFc1QndZaw 200
[debug] [2024-01-23T16:23:37.526Z] <<< [apiv2][body] GET https://cloudfunctions.googleapis.com/v1/operations/Y3J3bi1jbG90aHVpL3VzLWNlbnRyYWwxL3VwZGF0ZVRvcFBvc3RUaW1lci9SczYzdFc1QndZaw {"name":"operations/Y3J3bi1jbG90aHVpL3VzLWNlbnRyYWwxL3VwZGF0ZVRvcFBvc3RUaW1lci9SczYzdFc1QndZaw","metadata":{"@type":"type.googleapis.com/google.cloud.functions.v1.OperationMetadataV1","target":"projects/crwn-clothui/locations/us-central1/functions/updateTopPostTimer","type":"UPDATE_FUNCTION","request":{"@type":"type.googleapis.com/google.cloud.functions.v1.CloudFunction","name":"projects/crwn-clothui/locations/us-central1/functions/updateTopPostTimer","eventTrigger":{"eventType":"google.pubsub.topic.publish","resource":"projects/crwn-clothui/topics/firebase-schedule-updateTopPostTimer-us-central1","service":"pubsub.googleapis.com","failurePolicy":{}},"status":"ACTIVE","entryPoint":"updateTopPostTimer","updateTime":"2024-01-23T16:15:55.471Z","versionId":"1","labels":{"deployment-tool":"cli-firebase","deployment-scheduled":"true","firebase-functions-hash":"85a25342e51b7196981a2f327c320a053d74730f"},"sourceUploadUrl":"https://storage.googleapis.com/uploads-64743348168.us-central1.cloudfunctions.appspot.com/0b7a31df-b453-4fc4-88dd-e79343ce65ad.zip?GoogleAccessId=service-143128131551@gcf-admin-robot.iam.gserviceaccount.com&Expires=1706028814&Signature=t5qUTYK5WETLdx6bL%2FhQFls8sey9rxQQEWJR7wYY%2FIDd53R%2FNxFnD2lm9r7sWsJXCMzQq9pyJA%2B070GijJOOPiJ%2BTa3MgOCwcSRV9YytgidTTKpIRVinoGcL9lStE2kImX3DOx0dq%2FQbrq7VxksLFkQ%2FKsVxFlGbPqgnEzg3V5WJbmshVppPisy2PVuOmfyuBCaavSqnGT90AS97MvD82xUDmRwIqsJLKNhEnzICItZ%2FmOFLMHF28e%2FuqS5KpmVjxQTqleo4AWY%2BCksM9P6zFBNzgTm2I40VpcvBtTmwkKAUnk4Q7lF75FihJQHmThPtumu4XncqQtD%2BzDT4hvyfMA%3D%3D","environmentVariables":{"FIREBASE_CONFIG":"{\"projectId\":\"crwn-clothui\",\"storageBucket\":\"crwn-clothui.appspot.com\"}","GCLOUD_PROJECT":"crwn-clothui","EVENTARC_CLOUD_EVENT_SOURCE":"projects/crwn-clothui/locations/us-central1/functions/updateTopPostTimer"},"runtime":"nodejs18","buildId":"be8a6956-b770-49eb-a14c-1cade15e72da","buildEnvironmentVariables":{"GOOGLE_NODE_RUN_SCRIPTS":""},"buildName":"projects/143128131551/locations/us-central1/builds/be8a6956-b770-49eb-a14c-1cade15e72da","dockerRegistry":"ARTIFACT_REGISTRY","automaticUpdatePolicy":{}},"versionId":"2","updateTime":"2024-01-23T16:23:35Z","buildId":"10aa5b34-e664-4299-b3a0-4827196e54e5","buildName":"projects/143128131551/locations/us-central1/builds/10aa5b34-e664-4299-b3a0-4827196e54e5"}}
[debug] [2024-01-23T16:23:39.526Z] [update-default-us-central1-updateTopPostTimer] Retrying task index 0
[debug] [2024-01-23T16:23:39.527Z] >>> [apiv2][query] GET https://cloudfunctions.googleapis.com/v1/operations/Y3J3bi1jbG90aHVpL3VzLWNlbnRyYWwxL3VwZGF0ZVRvcFBvc3RUaW1lci9SczYzdFc1QndZaw [none]
[debug] [2024-01-23T16:23:39.818Z] <<< [apiv2][status] GET https://cloudfunctions.googleapis.com/v1/operations/Y3J3bi1jbG90aHVpL3VzLWNlbnRyYWwxL3VwZGF0ZVRvcFBvc3RUaW1lci9SczYzdFc1QndZaw 200
[debug] [2024-01-23T16:23:39.818Z] <<< [apiv2][body] GET https://cloudfunctions.googleapis.com/v1/operations/Y3J3bi1jbG90aHVpL3VzLWNlbnRyYWwxL3VwZGF0ZVRvcFBvc3RUaW1lci9SczYzdFc1QndZaw {"name":"operations/Y3J3bi1jbG90aHVpL3VzLWNlbnRyYWwxL3VwZGF0ZVRvcFBvc3RUaW1lci9SczYzdFc1QndZaw","metadata":{"@type":"type.googleapis.com/google.cloud.functions.v1.OperationMetadataV1","target":"projects/crwn-clothui/locations/us-central1/functions/updateTopPostTimer","type":"UPDATE_FUNCTION","request":{"@type":"type.googleapis.com/google.cloud.functions.v1.CloudFunction","name":"projects/crwn-clothui/locations/us-central1/functions/updateTopPostTimer","eventTrigger":{"eventType":"google.pubsub.topic.publish","resource":"projects/crwn-clothui/topics/firebase-schedule-updateTopPostTimer-us-central1","service":"pubsub.googleapis.com","failurePolicy":{}},"status":"ACTIVE","entryPoint":"updateTopPostTimer","updateTime":"2024-01-23T16:15:55.471Z","versionId":"1","labels":{"deployment-tool":"cli-firebase","deployment-scheduled":"true","firebase-functions-hash":"85a25342e51b7196981a2f327c320a053d74730f"},"sourceUploadUrl":"https://storage.googleapis.com/uploads-64743348168.us-central1.cloudfunctions.appspot.com/0b7a31df-b453-4fc4-88dd-e79343ce65ad.zip?GoogleAccessId=service-143128131551@gcf-admin-robot.iam.gserviceaccount.com&Expires=1706028814&Signature=t5qUTYK5WETLdx6bL%2FhQFls8sey9rxQQEWJR7wYY%2FIDd53R%2FNxFnD2lm9r7sWsJXCMzQq9pyJA%2B070GijJOOPiJ%2BTa3MgOCwcSRV9YytgidTTKpIRVinoGcL9lStE2kImX3DOx0dq%2FQbrq7VxksLFkQ%2FKsVxFlGbPqgnEzg3V5WJbmshVppPisy2PVuOmfyuBCaavSqnGT90AS97MvD82xUDmRwIqsJLKNhEnzICItZ%2FmOFLMHF28e%2FuqS5KpmVjxQTqleo4AWY%2BCksM9P6zFBNzgTm2I40VpcvBtTmwkKAUnk4Q7lF75FihJQHmThPtumu4XncqQtD%2BzDT4hvyfMA%3D%3D","environmentVariables":{"FIREBASE_CONFIG":"{\"projectId\":\"crwn-clothui\",\"storageBucket\":\"crwn-clothui.appspot.com\"}","GCLOUD_PROJECT":"crwn-clothui","EVENTARC_CLOUD_EVENT_SOURCE":"projects/crwn-clothui/locations/us-central1/functions/updateTopPostTimer"},"runtime":"nodejs18","buildId":"be8a6956-b770-49eb-a14c-1cade15e72da","buildEnvironmentVariables":{"GOOGLE_NODE_RUN_SCRIPTS":""},"buildName":"projects/143128131551/locations/us-central1/builds/be8a6956-b770-49eb-a14c-1cade15e72da","dockerRegistry":"ARTIFACT_REGISTRY","automaticUpdatePolicy":{}},"versionId":"2","updateTime":"2024-01-23T16:23:35Z","buildId":"10aa5b34-e664-4299-b3a0-4827196e54e5","buildName":"projects/143128131551/locations/us-central1/builds/10aa5b34-e664-4299-b3a0-4827196e54e5"}}
[debug] [2024-01-23T16:23:43.819Z] [update-default-us-central1-updateTopPostTimer] Retrying task index 0
[debug] [2024-01-23T16:23:43.820Z] >>> [apiv2][query] GET https://cloudfunctions.googleapis.com/v1/operations/Y3J3bi1jbG90aHVpL3VzLWNlbnRyYWwxL3VwZGF0ZVRvcFBvc3RUaW1lci9SczYzdFc1QndZaw [none]
[debug] [2024-01-23T16:23:44.035Z] <<< [apiv2][status] GET https://cloudfunctions.googleapis.com/v1/operations/Y3J3bi1jbG90aHVpL3VzLWNlbnRyYWwxL3VwZGF0ZVRvcFBvc3RUaW1lci9SczYzdFc1QndZaw 200
[debug] [2024-01-23T16:23:44.036Z] <<< [apiv2][body] GET https://cloudfunctions.googleapis.com/v1/operations/Y3J3bi1jbG90aHVpL3VzLWNlbnRyYWwxL3VwZGF0ZVRvcFBvc3RUaW1lci9SczYzdFc1QndZaw {"name":"operations/Y3J3bi1jbG90aHVpL3VzLWNlbnRyYWwxL3VwZGF0ZVRvcFBvc3RUaW1lci9SczYzdFc1QndZaw","metadata":{"@type":"type.googleapis.com/google.cloud.functions.v1.OperationMetadataV1","target":"projects/crwn-clothui/locations/us-central1/functions/updateTopPostTimer","type":"UPDATE_FUNCTION","request":{"@type":"type.googleapis.com/google.cloud.functions.v1.CloudFunction","name":"projects/crwn-clothui/locations/us-central1/functions/updateTopPostTimer","eventTrigger":{"eventType":"google.pubsub.topic.publish","resource":"projects/crwn-clothui/topics/firebase-schedule-updateTopPostTimer-us-central1","service":"pubsub.googleapis.com","failurePolicy":{}},"status":"ACTIVE","entryPoint":"updateTopPostTimer","updateTime":"2024-01-23T16:15:55.471Z","versionId":"1","labels":{"deployment-tool":"cli-firebase","deployment-scheduled":"true","firebase-functions-hash":"85a25342e51b7196981a2f327c320a053d74730f"},"sourceUploadUrl":"https://storage.googleapis.com/uploads-64743348168.us-central1.cloudfunctions.appspot.com/0b7a31df-b453-4fc4-88dd-e79343ce65ad.zip?GoogleAccessId=service-143128131551@gcf-admin-robot.iam.gserviceaccount.com&Expires=1706028814&Signature=t5qUTYK5WETLdx6bL%2FhQFls8sey9rxQQEWJR7wYY%2FIDd53R%2FNxFnD2lm9r7sWsJXCMzQq9pyJA%2B070GijJOOPiJ%2BTa3MgOCwcSRV9YytgidTTKpIRVinoGcL9lStE2kImX3DOx0dq%2FQbrq7VxksLFkQ%2FKsVxFlGbPqgnEzg3V5WJbmshVppPisy2PVuOmfyuBCaavSqnGT90AS97MvD82xUDmRwIqsJLKNhEnzICItZ%2FmOFLMHF28e%2FuqS5KpmVjxQTqleo4AWY%2BCksM9P6zFBNzgTm2I40VpcvBtTmwkKAUnk4Q7lF75FihJQHmThPtumu4XncqQtD%2BzDT4hvyfMA%3D%3D","environmentVariables":{"FIREBASE_CONFIG":"{\"projectId\":\"crwn-clothui\",\"storageBucket\":\"crwn-clothui.appspot.com\"}","GCLOUD_PROJECT":"crwn-clothui","EVENTARC_CLOUD_EVENT_SOURCE":"projects/crwn-clothui/locations/us-central1/functions/updateTopPostTimer"},"runtime":"nodejs18","buildId":"be8a6956-b770-49eb-a14c-1cade15e72da","buildEnvironmentVariables":{"GOOGLE_NODE_RUN_SCRIPTS":""},"buildName":"projects/143128131551/locations/us-central1/builds/be8a6956-b770-49eb-a14c-1cade15e72da","dockerRegistry":"ARTIFACT_REGISTRY","automaticUpdatePolicy":{}},"versionId":"2","updateTime":"2024-01-23T16:23:35Z","buildId":"10aa5b34-e664-4299-b3a0-4827196e54e5","buildName":"projects/143128131551/locations/us-central1/builds/10aa5b34-e664-4299-b3a0-4827196e54e5"}}
[debug] [2024-01-23T16:23:52.037Z] [update-default-us-central1-updateTopPostTimer] Retrying task index 0
[debug] [2024-01-23T16:23:52.037Z] >>> [apiv2][query] GET https://cloudfunctions.googleapis.com/v1/operations/Y3J3bi1jbG90aHVpL3VzLWNlbnRyYWwxL3VwZGF0ZVRvcFBvc3RUaW1lci9SczYzdFc1QndZaw [none]
[debug] [2024-01-23T16:23:52.272Z] <<< [apiv2][status] GET https://cloudfunctions.googleapis.com/v1/operations/Y3J3bi1jbG90aHVpL3VzLWNlbnRyYWwxL3VwZGF0ZVRvcFBvc3RUaW1lci9SczYzdFc1QndZaw 200
[debug] [2024-01-23T16:23:52.272Z] <<< [apiv2][body] GET https://cloudfunctions.googleapis.com/v1/operations/Y3J3bi1jbG90aHVpL3VzLWNlbnRyYWwxL3VwZGF0ZVRvcFBvc3RUaW1lci9SczYzdFc1QndZaw {"name":"operations/Y3J3bi1jbG90aHVpL3VzLWNlbnRyYWwxL3VwZGF0ZVRvcFBvc3RUaW1lci9SczYzdFc1QndZaw","metadata":{"@type":"type.googleapis.com/google.cloud.functions.v1.OperationMetadataV1","target":"projects/crwn-clothui/locations/us-central1/functions/updateTopPostTimer","type":"UPDATE_FUNCTION","request":{"@type":"type.googleapis.com/google.cloud.functions.v1.CloudFunction","name":"projects/crwn-clothui/locations/us-central1/functions/updateTopPostTimer","eventTrigger":{"eventType":"google.pubsub.topic.publish","resource":"projects/crwn-clothui/topics/firebase-schedule-updateTopPostTimer-us-central1","service":"pubsub.googleapis.com","failurePolicy":{}},"status":"ACTIVE","entryPoint":"updateTopPostTimer","updateTime":"2024-01-23T16:15:55.471Z","versionId":"1","labels":{"deployment-tool":"cli-firebase","deployment-scheduled":"true","firebase-functions-hash":"85a25342e51b7196981a2f327c320a053d74730f"},"sourceUploadUrl":"https://storage.googleapis.com/uploads-64743348168.us-central1.cloudfunctions.appspot.com/0b7a31df-b453-4fc4-88dd-e79343ce65ad.zip?GoogleAccessId=service-143128131551@gcf-admin-robot.iam.gserviceaccount.com&Expires=1706028814&Signature=t5qUTYK5WETLdx6bL%2FhQFls8sey9rxQQEWJR7wYY%2FIDd53R%2FNxFnD2lm9r7sWsJXCMzQq9pyJA%2B070GijJOOPiJ%2BTa3MgOCwcSRV9YytgidTTKpIRVinoGcL9lStE2kImX3DOx0dq%2FQbrq7VxksLFkQ%2FKsVxFlGbPqgnEzg3V5WJbmshVppPisy2PVuOmfyuBCaavSqnGT90AS97MvD82xUDmRwIqsJLKNhEnzICItZ%2FmOFLMHF28e%2FuqS5KpmVjxQTqleo4AWY%2BCksM9P6zFBNzgTm2I40VpcvBtTmwkKAUnk4Q7lF75FihJQHmThPtumu4XncqQtD%2BzDT4hvyfMA%3D%3D","environmentVariables":{"FIREBASE_CONFIG":"{\"projectId\":\"crwn-clothui\",\"storageBucket\":\"crwn-clothui.appspot.com\"}","GCLOUD_PROJECT":"crwn-clothui","EVENTARC_CLOUD_EVENT_SOURCE":"projects/crwn-clothui/locations/us-central1/functions/updateTopPostTimer"},"runtime":"nodejs18","buildId":"be8a6956-b770-49eb-a14c-1cade15e72da","buildEnvironmentVariables":{"GOOGLE_NODE_RUN_SCRIPTS":""},"buildName":"projects/143128131551/locations/us-central1/builds/be8a6956-b770-49eb-a14c-1cade15e72da","dockerRegistry":"ARTIFACT_REGISTRY","automaticUpdatePolicy":{}},"versionId":"2","updateTime":"2024-01-23T16:23:35Z","buildId":"10aa5b34-e664-4299-b3a0-4827196e54e5","buildName":"projects/143128131551/locations/us-central1/builds/10aa5b34-e664-4299-b3a0-4827196e54e5"}}
[debug] [2024-01-23T16:24:02.281Z] [update-default-us-central1-updateTopPostTimer] Retrying task index 0
[debug] [2024-01-23T16:24:02.292Z] >>> [apiv2][query] GET https://cloudfunctions.googleapis.com/v1/operations/Y3J3bi1jbG90aHVpL3VzLWNlbnRyYWwxL3VwZGF0ZVRvcFBvc3RUaW1lci9SczYzdFc1QndZaw [none]
[debug] [2024-01-23T16:24:02.567Z] <<< [apiv2][status] GET https://cloudfunctions.googleapis.com/v1/operations/Y3J3bi1jbG90aHVpL3VzLWNlbnRyYWwxL3VwZGF0ZVRvcFBvc3RUaW1lci9SczYzdFc1QndZaw 200
[debug] [2024-01-23T16:24:02.567Z] <<< [apiv2][body] GET https://cloudfunctions.googleapis.com/v1/operations/Y3J3bi1jbG90aHVpL3VzLWNlbnRyYWwxL3VwZGF0ZVRvcFBvc3RUaW1lci9SczYzdFc1QndZaw {"name":"operations/Y3J3bi1jbG90aHVpL3VzLWNlbnRyYWwxL3VwZGF0ZVRvcFBvc3RUaW1lci9SczYzdFc1QndZaw","metadata":{"@type":"type.googleapis.com/google.cloud.functions.v1.OperationMetadataV1","target":"projects/crwn-clothui/locations/us-central1/functions/updateTopPostTimer","type":"UPDATE_FUNCTION","request":{"@type":"type.googleapis.com/google.cloud.functions.v1.CloudFunction","name":"projects/crwn-clothui/locations/us-central1/functions/updateTopPostTimer","eventTrigger":{"eventType":"google.pubsub.topic.publish","resource":"projects/crwn-clothui/topics/firebase-schedule-updateTopPostTimer-us-central1","service":"pubsub.googleapis.com","failurePolicy":{}},"status":"ACTIVE","entryPoint":"updateTopPostTimer","updateTime":"2024-01-23T16:15:55.471Z","versionId":"1","labels":{"deployment-tool":"cli-firebase","deployment-scheduled":"true","firebase-functions-hash":"85a25342e51b7196981a2f327c320a053d74730f"},"sourceUploadUrl":"https://storage.googleapis.com/uploads-64743348168.us-central1.cloudfunctions.appspot.com/0b7a31df-b453-4fc4-88dd-e79343ce65ad.zip?GoogleAccessId=service-143128131551@gcf-admin-robot.iam.gserviceaccount.com&Expires=1706028814&Signature=t5qUTYK5WETLdx6bL%2FhQFls8sey9rxQQEWJR7wYY%2FIDd53R%2FNxFnD2lm9r7sWsJXCMzQq9pyJA%2B070GijJOOPiJ%2BTa3MgOCwcSRV9YytgidTTKpIRVinoGcL9lStE2kImX3DOx0dq%2FQbrq7VxksLFkQ%2FKsVxFlGbPqgnEzg3V5WJbmshVppPisy2PVuOmfyuBCaavSqnGT90AS97MvD82xUDmRwIqsJLKNhEnzICItZ%2FmOFLMHF28e%2FuqS5KpmVjxQTqleo4AWY%2BCksM9P6zFBNzgTm2I40VpcvBtTmwkKAUnk4Q7lF75FihJQHmThPtumu4XncqQtD%2BzDT4hvyfMA%3D%3D","environmentVariables":{"FIREBASE_CONFIG":"{\"projectId\":\"crwn-clothui\",\"storageBucket\":\"crwn-clothui.appspot.com\"}","GCLOUD_PROJECT":"crwn-clothui","EVENTARC_CLOUD_EVENT_SOURCE":"projects/crwn-clothui/locations/us-central1/functions/updateTopPostTimer"},"runtime":"nodejs18","buildId":"be8a6956-b770-49eb-a14c-1cade15e72da","buildEnvironmentVariables":{"GOOGLE_NODE_RUN_SCRIPTS":""},"buildName":"projects/143128131551/locations/us-central1/builds/be8a6956-b770-49eb-a14c-1cade15e72da","dockerRegistry":"ARTIFACT_REGISTRY","automaticUpdatePolicy":{}},"versionId":"2","updateTime":"2024-01-23T16:23:35Z","buildId":"10aa5b34-e664-4299-b3a0-4827196e54e5","buildName":"projects/143128131551/locations/us-central1/builds/10aa5b34-e664-4299-b3a0-4827196e54e5"}}
[debug] [2024-01-23T16:24:12.567Z] [update-default-us-central1-updateTopPostTimer] Retrying task index 0
[debug] [2024-01-23T16:24:12.568Z] >>> [apiv2][query] GET https://cloudfunctions.googleapis.com/v1/operations/Y3J3bi1jbG90aHVpL3VzLWNlbnRyYWwxL3VwZGF0ZVRvcFBvc3RUaW1lci9SczYzdFc1QndZaw [none]
[debug] [2024-01-23T16:24:12.695Z] <<< [apiv2][status] GET https://cloudfunctions.googleapis.com/v1/operations/Y3J3bi1jbG90aHVpL3VzLWNlbnRyYWwxL3VwZGF0ZVRvcFBvc3RUaW1lci9SczYzdFc1QndZaw 200
[debug] [2024-01-23T16:24:12.695Z] <<< [apiv2][body] GET https://cloudfunctions.googleapis.com/v1/operations/Y3J3bi1jbG90aHVpL3VzLWNlbnRyYWwxL3VwZGF0ZVRvcFBvc3RUaW1lci9SczYzdFc1QndZaw {"name":"operations/Y3J3bi1jbG90aHVpL3VzLWNlbnRyYWwxL3VwZGF0ZVRvcFBvc3RUaW1lci9SczYzdFc1QndZaw","metadata":{"@type":"type.googleapis.com/google.cloud.functions.v1.OperationMetadataV1","target":"projects/crwn-clothui/locations/us-central1/functions/updateTopPostTimer","type":"UPDATE_FUNCTION","request":{"@type":"type.googleapis.com/google.cloud.functions.v1.CloudFunction","name":"projects/crwn-clothui/locations/us-central1/functions/updateTopPostTimer","eventTrigger":{"eventType":"google.pubsub.topic.publish","resource":"projects/crwn-clothui/topics/firebase-schedule-updateTopPostTimer-us-central1","service":"pubsub.googleapis.com","failurePolicy":{}},"status":"ACTIVE","entryPoint":"updateTopPostTimer","updateTime":"2024-01-23T16:15:55.471Z","versionId":"1","labels":{"deployment-tool":"cli-firebase","deployment-scheduled":"true","firebase-functions-hash":"85a25342e51b7196981a2f327c320a053d74730f"},"sourceUploadUrl":"https://storage.googleapis.com/uploads-64743348168.us-central1.cloudfunctions.appspot.com/0b7a31df-b453-4fc4-88dd-e79343ce65ad.zip?GoogleAccessId=service-143128131551@gcf-admin-robot.iam.gserviceaccount.com&Expires=1706028814&Signature=t5qUTYK5WETLdx6bL%2FhQFls8sey9rxQQEWJR7wYY%2FIDd53R%2FNxFnD2lm9r7sWsJXCMzQq9pyJA%2B070GijJOOPiJ%2BTa3MgOCwcSRV9YytgidTTKpIRVinoGcL9lStE2kImX3DOx0dq%2FQbrq7VxksLFkQ%2FKsVxFlGbPqgnEzg3V5WJbmshVppPisy2PVuOmfyuBCaavSqnGT90AS97MvD82xUDmRwIqsJLKNhEnzICItZ%2FmOFLMHF28e%2FuqS5KpmVjxQTqleo4AWY%2BCksM9P6zFBNzgTm2I40VpcvBtTmwkKAUnk4Q7lF75FihJQHmThPtumu4XncqQtD%2BzDT4hvyfMA%3D%3D","environmentVariables":{"FIREBASE_CONFIG":"{\"projectId\":\"crwn-clothui\",\"storageBucket\":\"crwn-clothui.appspot.com\"}","GCLOUD_PROJECT":"crwn-clothui","EVENTARC_CLOUD_EVENT_SOURCE":"projects/crwn-clothui/locations/us-central1/functions/updateTopPostTimer"},"runtime":"nodejs18","buildId":"be8a6956-b770-49eb-a14c-1cade15e72da","buildEnvironmentVariables":{"GOOGLE_NODE_RUN_SCRIPTS":""},"buildName":"projects/143128131551/locations/us-central1/builds/be8a6956-b770-49eb-a14c-1cade15e72da","dockerRegistry":"ARTIFACT_REGISTRY","automaticUpdatePolicy":{}},"versionId":"2","updateTime":"2024-01-23T16:23:35Z","buildId":"10aa5b34-e664-4299-b3a0-4827196e54e5","buildName":"projects/143128131551/locations/us-central1/builds/10aa5b34-e664-4299-b3a0-4827196e54e5"}}
[debug] [2024-01-23T16:24:22.696Z] [update-default-us-central1-updateTopPostTimer] Retrying task index 0
[debug] [2024-01-23T16:24:22.696Z] >>> [apiv2][query] GET https://cloudfunctions.googleapis.com/v1/operations/Y3J3bi1jbG90aHVpL3VzLWNlbnRyYWwxL3VwZGF0ZVRvcFBvc3RUaW1lci9SczYzdFc1QndZaw [none]
[debug] [2024-01-23T16:24:22.919Z] <<< [apiv2][status] GET https://cloudfunctions.googleapis.com/v1/operations/Y3J3bi1jbG90aHVpL3VzLWNlbnRyYWwxL3VwZGF0ZVRvcFBvc3RUaW1lci9SczYzdFc1QndZaw 200
[debug] [2024-01-23T16:24:22.920Z] <<< [apiv2][body] GET https://cloudfunctions.googleapis.com/v1/operations/Y3J3bi1jbG90aHVpL3VzLWNlbnRyYWwxL3VwZGF0ZVRvcFBvc3RUaW1lci9SczYzdFc1QndZaw {"name":"operations/Y3J3bi1jbG90aHVpL3VzLWNlbnRyYWwxL3VwZGF0ZVRvcFBvc3RUaW1lci9SczYzdFc1QndZaw","metadata":{"@type":"type.googleapis.com/google.cloud.functions.v1.OperationMetadataV1","target":"projects/crwn-clothui/locations/us-central1/functions/updateTopPostTimer","type":"UPDATE_FUNCTION","request":{"@type":"type.googleapis.com/google.cloud.functions.v1.CloudFunction","name":"projects/crwn-clothui/locations/us-central1/functions/updateTopPostTimer","eventTrigger":{"eventType":"google.pubsub.topic.publish","resource":"projects/crwn-clothui/topics/firebase-schedule-updateTopPostTimer-us-central1","service":"pubsub.googleapis.com","failurePolicy":{}},"status":"ACTIVE","entryPoint":"updateTopPostTimer","updateTime":"2024-01-23T16:15:55.471Z","versionId":"1","labels":{"deployment-tool":"cli-firebase","deployment-scheduled":"true","firebase-functions-hash":"85a25342e51b7196981a2f327c320a053d74730f"},"sourceUploadUrl":"https://storage.googleapis.com/uploads-64743348168.us-central1.cloudfunctions.appspot.com/0b7a31df-b453-4fc4-88dd-e79343ce65ad.zip?GoogleAccessId=service-143128131551@gcf-admin-robot.iam.gserviceaccount.com&Expires=1706028814&Signature=t5qUTYK5WETLdx6bL%2FhQFls8sey9rxQQEWJR7wYY%2FIDd53R%2FNxFnD2lm9r7sWsJXCMzQq9pyJA%2B070GijJOOPiJ%2BTa3MgOCwcSRV9YytgidTTKpIRVinoGcL9lStE2kImX3DOx0dq%2FQbrq7VxksLFkQ%2FKsVxFlGbPqgnEzg3V5WJbmshVppPisy2PVuOmfyuBCaavSqnGT90AS97MvD82xUDmRwIqsJLKNhEnzICItZ%2FmOFLMHF28e%2FuqS5KpmVjxQTqleo4AWY%2BCksM9P6zFBNzgTm2I40VpcvBtTmwkKAUnk4Q7lF75FihJQHmThPtumu4XncqQtD%2BzDT4hvyfMA%3D%3D","environmentVariables":{"FIREBASE_CONFIG":"{\"projectId\":\"crwn-clothui\",\"storageBucket\":\"crwn-clothui.appspot.com\"}","GCLOUD_PROJECT":"crwn-clothui","EVENTARC_CLOUD_EVENT_SOURCE":"projects/crwn-clothui/locations/us-central1/functions/updateTopPostTimer"},"runtime":"nodejs18","buildId":"be8a6956-b770-49eb-a14c-1cade15e72da","buildEnvironmentVariables":{"GOOGLE_NODE_RUN_SCRIPTS":""},"buildName":"projects/143128131551/locations/us-central1/builds/be8a6956-b770-49eb-a14c-1cade15e72da","dockerRegistry":"ARTIFACT_REGISTRY","automaticUpdatePolicy":{}},"versionId":"2","updateTime":"2024-01-23T16:23:35Z","buildId":"10aa5b34-e664-4299-b3a0-4827196e54e5","sourceToken":"45aa33e9-d333-4b53-866f-72d6798400e8","buildName":"projects/143128131551/locations/us-central1/builds/10aa5b34-e664-4299-b3a0-4827196e54e5"}}
[debug] [2024-01-23T16:24:22.920Z] Got source token 45aa33e9-d333-4b53-866f-72d6798400e8 for region us-central1
[debug] [2024-01-23T16:24:32.920Z] [update-default-us-central1-updateTopPostTimer] Retrying task index 0
[debug] [2024-01-23T16:24:32.921Z] >>> [apiv2][query] GET https://cloudfunctions.googleapis.com/v1/operations/Y3J3bi1jbG90aHVpL3VzLWNlbnRyYWwxL3VwZGF0ZVRvcFBvc3RUaW1lci9SczYzdFc1QndZaw [none]
[debug] [2024-01-23T16:24:33.106Z] <<< [apiv2][status] GET https://cloudfunctions.googleapis.com/v1/operations/Y3J3bi1jbG90aHVpL3VzLWNlbnRyYWwxL3VwZGF0ZVRvcFBvc3RUaW1lci9SczYzdFc1QndZaw 200
[debug] [2024-01-23T16:24:33.106Z] <<< [apiv2][body] GET https://cloudfunctions.googleapis.com/v1/operations/Y3J3bi1jbG90aHVpL3VzLWNlbnRyYWwxL3VwZGF0ZVRvcFBvc3RUaW1lci9SczYzdFc1QndZaw {"name":"operations/Y3J3bi1jbG90aHVpL3VzLWNlbnRyYWwxL3VwZGF0ZVRvcFBvc3RUaW1lci9SczYzdFc1QndZaw","metadata":{"@type":"type.googleapis.com/google.cloud.functions.v1.OperationMetadataV1","target":"projects/crwn-clothui/locations/us-central1/functions/updateTopPostTimer","type":"UPDATE_FUNCTION","request":{"@type":"type.googleapis.com/google.cloud.functions.v1.CloudFunction","name":"projects/crwn-clothui/locations/us-central1/functions/updateTopPostTimer","eventTrigger":{"eventType":"google.pubsub.topic.publish","resource":"projects/crwn-clothui/topics/firebase-schedule-updateTopPostTimer-us-central1","service":"pubsub.googleapis.com","failurePolicy":{}},"status":"ACTIVE","entryPoint":"updateTopPostTimer","updateTime":"2024-01-23T16:15:55.471Z","versionId":"1","labels":{"deployment-tool":"cli-firebase","deployment-scheduled":"true","firebase-functions-hash":"85a25342e51b7196981a2f327c320a053d74730f"},"sourceUploadUrl":"https://storage.googleapis.com/uploads-64743348168.us-central1.cloudfunctions.appspot.com/0b7a31df-b453-4fc4-88dd-e79343ce65ad.zip?GoogleAccessId=service-143128131551@gcf-admin-robot.iam.gserviceaccount.com&Expires=1706028814&Signature=t5qUTYK5WETLdx6bL%2FhQFls8sey9rxQQEWJR7wYY%2FIDd53R%2FNxFnD2lm9r7sWsJXCMzQq9pyJA%2B070GijJOOPiJ%2BTa3MgOCwcSRV9YytgidTTKpIRVinoGcL9lStE2kImX3DOx0dq%2FQbrq7VxksLFkQ%2FKsVxFlGbPqgnEzg3V5WJbmshVppPisy2PVuOmfyuBCaavSqnGT90AS97MvD82xUDmRwIqsJLKNhEnzICItZ%2FmOFLMHF28e%2FuqS5KpmVjxQTqleo4AWY%2BCksM9P6zFBNzgTm2I40VpcvBtTmwkKAUnk4Q7lF75FihJQHmThPtumu4XncqQtD%2BzDT4hvyfMA%3D%3D","environmentVariables":{"FIREBASE_CONFIG":"{\"projectId\":\"crwn-clothui\",\"storageBucket\":\"crwn-clothui.appspot.com\"}","GCLOUD_PROJECT":"crwn-clothui","EVENTARC_CLOUD_EVENT_SOURCE":"projects/crwn-clothui/locations/us-central1/functions/updateTopPostTimer"},"runtime":"nodejs18","buildId":"be8a6956-b770-49eb-a14c-1cade15e72da","buildEnvironmentVariables":{"GOOGLE_NODE_RUN_SCRIPTS":""},"buildName":"projects/143128131551/locations/us-central1/builds/be8a6956-b770-49eb-a14c-1cade15e72da","dockerRegistry":"ARTIFACT_REGISTRY","automaticUpdatePolicy":{}},"versionId":"2","updateTime":"2024-01-23T16:23:35Z","buildId":"10aa5b34-e664-4299-b3a0-4827196e54e5","sourceToken":"45aa33e9-d333-4b53-866f-72d6798400e8","buildName":"projects/143128131551/locations/us-central1/builds/10aa5b34-e664-4299-b3a0-4827196e54e5"}}
[debug] [2024-01-23T16:24:33.106Z] Got source token 45aa33e9-d333-4b53-866f-72d6798400e8 for region us-central1
[debug] [2024-01-23T16:24:43.107Z] [update-default-us-central1-updateTopPostTimer] Retrying task index 0
[debug] [2024-01-23T16:24:43.107Z] >>> [apiv2][query] GET https://cloudfunctions.googleapis.com/v1/operations/Y3J3bi1jbG90aHVpL3VzLWNlbnRyYWwxL3VwZGF0ZVRvcFBvc3RUaW1lci9SczYzdFc1QndZaw [none]
[debug] [2024-01-23T16:24:43.300Z] <<< [apiv2][status] GET https://cloudfunctions.googleapis.com/v1/operations/Y3J3bi1jbG90aHVpL3VzLWNlbnRyYWwxL3VwZGF0ZVRvcFBvc3RUaW1lci9SczYzdFc1QndZaw 200
[debug] [2024-01-23T16:24:43.300Z] <<< [apiv2][body] GET https://cloudfunctions.googleapis.com/v1/operations/Y3J3bi1jbG90aHVpL3VzLWNlbnRyYWwxL3VwZGF0ZVRvcFBvc3RUaW1lci9SczYzdFc1QndZaw {"name":"operations/Y3J3bi1jbG90aHVpL3VzLWNlbnRyYWwxL3VwZGF0ZVRvcFBvc3RUaW1lci9SczYzdFc1QndZaw","metadata":{"@type":"type.googleapis.com/google.cloud.functions.v1.OperationMetadataV1","target":"projects/crwn-clothui/locations/us-central1/functions/updateTopPostTimer","type":"UPDATE_FUNCTION","request":{"@type":"type.googleapis.com/google.cloud.functions.v1.CloudFunction","name":"projects/crwn-clothui/locations/us-central1/functions/updateTopPostTimer","eventTrigger":{"eventType":"google.pubsub.topic.publish","resource":"projects/crwn-clothui/topics/firebase-schedule-updateTopPostTimer-us-central1","service":"pubsub.googleapis.com","failurePolicy":{}},"status":"ACTIVE","entryPoint":"updateTopPostTimer","updateTime":"2024-01-23T16:15:55.471Z","versionId":"1","labels":{"deployment-tool":"cli-firebase","deployment-scheduled":"true","firebase-functions-hash":"85a25342e51b7196981a2f327c320a053d74730f"},"sourceUploadUrl":"https://storage.googleapis.com/uploads-64743348168.us-central1.cloudfunctions.appspot.com/0b7a31df-b453-4fc4-88dd-e79343ce65ad.zip?GoogleAccessId=service-143128131551@gcf-admin-robot.iam.gserviceaccount.com&Expires=1706028814&Signature=t5qUTYK5WETLdx6bL%2FhQFls8sey9rxQQEWJR7wYY%2FIDd53R%2FNxFnD2lm9r7sWsJXCMzQq9pyJA%2B070GijJOOPiJ%2BTa3MgOCwcSRV9YytgidTTKpIRVinoGcL9lStE2kImX3DOx0dq%2FQbrq7VxksLFkQ%2FKsVxFlGbPqgnEzg3V5WJbmshVppPisy2PVuOmfyuBCaavSqnGT90AS97MvD82xUDmRwIqsJLKNhEnzICItZ%2FmOFLMHF28e%2FuqS5KpmVjxQTqleo4AWY%2BCksM9P6zFBNzgTm2I40VpcvBtTmwkKAUnk4Q7lF75FihJQHmThPtumu4XncqQtD%2BzDT4hvyfMA%3D%3D","environmentVariables":{"FIREBASE_CONFIG":"{\"projectId\":\"crwn-clothui\",\"storageBucket\":\"crwn-clothui.appspot.com\"}","GCLOUD_PROJECT":"crwn-clothui","EVENTARC_CLOUD_EVENT_SOURCE":"projects/crwn-clothui/locations/us-central1/functions/updateTopPostTimer"},"runtime":"nodejs18","buildId":"be8a6956-b770-49eb-a14c-1cade15e72da","buildEnvironmentVariables":{"GOOGLE_NODE_RUN_SCRIPTS":""},"buildName":"projects/143128131551/locations/us-central1/builds/be8a6956-b770-49eb-a14c-1cade15e72da","dockerRegistry":"ARTIFACT_REGISTRY","automaticUpdatePolicy":{}},"versionId":"2","updateTime":"2024-01-23T16:24:35Z","buildId":"10aa5b34-e664-4299-b3a0-4827196e54e5","sourceToken":"45aa33e9-d333-4b53-866f-72d6798400e8","buildName":"projects/143128131551/locations/us-central1/builds/10aa5b34-e664-4299-b3a0-4827196e54e5"},"done":true,"response":{"@type":"type.googleapis.com/google.cloud.functions.v1.CloudFunction","name":"projects/crwn-clothui/locations/us-central1/functions/updateTopPostTimer","eventTrigger":{"eventType":"google.pubsub.topic.publish","resource":"projects/crwn-clothui/topics/firebase-schedule-updateTopPostTimer-us-central1","service":"pubsub.googleapis.com","failurePolicy":{}},"status":"ACTIVE","entryPoint":"updateTopPostTimer","timeout":"60s","availableMemoryMb":256,"serviceAccountEmail":"crwn-clothui@appspot.gserviceaccount.com","updateTime":"2024-01-23T16:24:35.929Z","versionId":"2","labels":{"deployment-tool":"cli-firebase","deployment-scheduled":"true","firebase-functions-hash":"85a25342e51b7196981a2f327c320a053d74730f"},"sourceUploadUrl":"https://storage.googleapis.com/uploads-64743348168.us-central1.cloudfunctions.appspot.com/0b7a31df-b453-4fc4-88dd-e79343ce65ad.zip","environmentVariables":{"FIREBASE_CONFIG":"{\"projectId\":\"crwn-clothui\",\"storageBucket\":\"crwn-clothui.appspot.com\"}","GCLOUD_PROJECT":"crwn-clothui","EVENTARC_CLOUD_EVENT_SOURCE":"projects/crwn-clothui/locations/us-central1/functions/updateTopPostTimer"},"runtime":"nodejs18","maxInstances":3000,"ingressSettings":"ALLOW_ALL","buildId":"10aa5b34-e664-4299-b3a0-4827196e54e5","buildEnvironmentVariables":{"GOOGLE_NODE_RUN_SCRIPTS":""},"buildName":"projects/143128131551/locations/us-central1/builds/10aa5b34-e664-4299-b3a0-4827196e54e5","dockerRegistry":"ARTIFACT_REGISTRY","automaticUpdatePolicy":{}}}
[debug] [2024-01-23T16:24:43.301Z] Got source token 45aa33e9-d333-4b53-866f-72d6798400e8 for region us-central1
[debug] [2024-01-23T16:24:43.304Z] >>> [apiv2][query] GET https://cloudscheduler.googleapis.com/v1/projects/crwn-clothui/locations/us-central1/jobs/firebase-schedule-updateTopPostTimer-us-central1 [none]
[debug] [2024-01-23T16:24:43.455Z] <<< [apiv2][status] GET https://cloudscheduler.googleapis.com/v1/projects/crwn-clothui/locations/us-central1/jobs/firebase-schedule-updateTopPostTimer-us-central1 200
[debug] [2024-01-23T16:24:43.455Z] <<< [apiv2][body] GET https://cloudscheduler.googleapis.com/v1/projects/crwn-clothui/locations/us-central1/jobs/firebase-schedule-updateTopPostTimer-us-central1 {"name":"projects/crwn-clothui/locations/us-central1/jobs/firebase-schedule-updateTopPostTimer-us-central1","pubsubTarget":{"topicName":"projects/crwn-clothui/topics/firebase-schedule-updateTopPostTimer-us-central1","attributes":{"scheduled":"true"}},"userUpdateTime":"2024-01-23T16:16:02Z","state":"ENABLED","status":{},"scheduleTime":"2024-01-23T16:25:00.856439Z","lastAttemptTime":"2024-01-23T16:24:00.829954Z","retryConfig":{"maxRetryDuration":"0s","minBackoffDuration":"5s","maxBackoffDuration":"3600s","maxDoublings":5},"schedule":"every 1 minutes","timeZone":"UTC"}
[debug] [2024-01-23T16:24:43.456Z] >>> [apiv2][query] PATCH https://cloudscheduler.googleapis.com/v1/projects/crwn-clothui/locations/us-central1/jobs/firebase-schedule-updateTopPostTimer-us-central1 updateMask=name%2CtimeZone%2CpubsubTarget%2Cschedule%2CretryConfig.maxDoublings%2CretryConfig.retryCount%2CretryConfig.maxBackoffDuration%2CretryConfig.minBackoffDuration%2CretryConfig.maxRetryDuration
[debug] [2024-01-23T16:24:43.456Z] >>> [apiv2][body] PATCH https://cloudscheduler.googleapis.com/v1/projects/crwn-clothui/locations/us-central1/jobs/firebase-schedule-updateTopPostTimer-us-central1 {"timeZone":"UTC","name":"projects/crwn-clothui/locations/us-central1/jobs/firebase-schedule-updateTopPostTimer-us-central1","pubsubTarget":{"topicName":"projects/crwn-clothui/topics/firebase-schedule-updateTopPostTimer-us-central1","attributes":{"scheduled":"true"}},"schedule":"every 30 seconds","retryConfig":{"maxDoublings":null,"retryCount":null,"maxBackoffDuration":null,"minBackoffDuration":null,"maxRetryDuration":null}}
[debug] [2024-01-23T16:24:43.674Z] <<< [apiv2][status] PATCH https://cloudscheduler.googleapis.com/v1/projects/crwn-clothui/locations/us-central1/jobs/firebase-schedule-updateTopPostTimer-us-central1 400
[debug] [2024-01-23T16:24:43.674Z] <<< [apiv2][body] PATCH https://cloudscheduler.googleapis.com/v1/projects/crwn-clothui/locations/us-central1/jobs/firebase-schedule-updateTopPostTimer-us-central1 {"error":{"code":400,"message":"Schedule or time zone is invalid.","status":"INVALID_ARGUMENT"}}
[error] HTTP Error: 400, Schedule or time zone is invalid.
[debug] [2024-01-23T16:24:43.689Z] Total Function Deployment time: 68663
[debug] [2024-01-23T16:24:43.689Z] 1 Functions Deployed
[debug] [2024-01-23T16:24:43.689Z] 1 Functions Errored
[debug] [2024-01-23T16:24:43.689Z] 0 Function Deployments Aborted
[debug] [2024-01-23T16:24:43.689Z] Average Function Deployment time: 68660
[info] 
[info] Functions deploy had errors with the following functions:
	updateTopPostTimer(us-central1)
[info] i  functions: cleaning up build files... 
[debug] [2024-01-23T16:24:43.759Z] >>> [apiv2][query] DELETE https://artifactregistry.googleapis.com/v1beta2/projects/crwn-clothui/locations/us-central1/repositories/gcf-artifacts/packages/update_top_post_timer [none]
[debug] [2024-01-23T16:24:43.760Z] >>> [apiv2][query] GET https://us.gcr.io/v2/crwn-clothui/gcf/us-central1/tags/list [none]
[debug] [2024-01-23T16:24:43.936Z] <<< [apiv2][status] GET https://us.gcr.io/v2/crwn-clothui/gcf/us-central1/tags/list 200
[debug] [2024-01-23T16:24:43.937Z] <<< [apiv2][body] GET https://us.gcr.io/v2/crwn-clothui/gcf/us-central1/tags/list {"child":[],"manifest":{},"name":"crwn-clothui/gcf/us-central1","tags":[]}
[debug] [2024-01-23T16:24:43.937Z] Could not find image for function projects/crwn-clothui/locations/us-central1/functions/updateTopPostTimer
[debug] [2024-01-23T16:24:44.083Z] <<< [apiv2][status] DELETE https://artifactregistry.googleapis.com/v1beta2/projects/crwn-clothui/locations/us-central1/repositories/gcf-artifacts/packages/update_top_post_timer 200
[debug] [2024-01-23T16:24:44.083Z] <<< [apiv2][body] DELETE https://artifactregistry.googleapis.com/v1beta2/projects/crwn-clothui/locations/us-central1/repositories/gcf-artifacts/packages/update_top_post_timer {"name":"projects/crwn-clothui/locations/us-central1/operations/d7023614-ed4a-4772-ade6-adf164cc17c3","metadata":{"@type":"type.googleapis.com/google.devtools.artifactregistry.v1beta2.OperationMetadata"}}
[debug] [2024-01-23T16:24:44.083Z] >>> [apiv2][query] GET https://artifactregistry.googleapis.com/v1beta2/projects/crwn-clothui/locations/us-central1/operations/d7023614-ed4a-4772-ade6-adf164cc17c3 [none]
[debug] [2024-01-23T16:24:44.459Z] <<< [apiv2][status] GET https://artifactregistry.googleapis.com/v1beta2/projects/crwn-clothui/locations/us-central1/operations/d7023614-ed4a-4772-ade6-adf164cc17c3 200
[debug] [2024-01-23T16:24:44.460Z] <<< [apiv2][body] GET https://artifactregistry.googleapis.com/v1beta2/projects/crwn-clothui/locations/us-central1/operations/d7023614-ed4a-4772-ade6-adf164cc17c3 {"name":"projects/crwn-clothui/locations/us-central1/operations/d7023614-ed4a-4772-ade6-adf164cc17c3","metadata":{"@type":"type.googleapis.com/google.devtools.artifactregistry.v1beta2.OperationMetadata"},"done":true,"response":{"@type":"type.googleapis.com/google.protobuf.Empty"}}
[debug] [2024-01-23T16:24:44.460Z] Functions deploy failed.
[debug] [2024-01-23T16:24:44.460Z] {
  "endpoint": {
    "id": "updateTopPostTimer",
    "project": "crwn-clothui",
    "region": "us-central1",
    "entryPoint": "updateTopPostTimer",
    "platform": "gcfv1",
    "runtime": "nodejs18",
    "scheduleTrigger": {
      "schedule": "every 30 seconds",
      "timeZone": "UTC",
      "retryConfig": {
        "maxBackoffSeconds": null,
        "minBackoffSeconds": null,
        "maxRetrySeconds": null,
        "retryCount": null,
        "maxDoublings": null
      }
    },
    "labels": {
      "deployment-tool": "cli-firebase"
    },
    "ingressSettings": null,
    "availableMemoryMb": null,
    "serviceAccount": null,
    "timeoutSeconds": null,
    "maxInstances": null,
    "minInstances": null,
    "vpc": null,
    "environmentVariables": {
      "FIREBASE_CONFIG": "{\"projectId\":\"crwn-clothui\",\"storageBucket\":\"crwn-clothui.appspot.com\"}",
      "GCLOUD_PROJECT": "crwn-clothui",
      "EVENTARC_CLOUD_EVENT_SOURCE": "projects/crwn-clothui/locations/us-central1/functions/updateTopPostTimer"
    },
    "codebase": "default",
    "securityLevel": "SECURE_ALWAYS",
    "targetedByOnly": false,
    "hash": "85a25342e51b7196981a2f327c320a053d74730f"
  },
  "op": "upsert schedule",
  "original": {
    "name": "FirebaseError",
    "children": [],
    "context": {
      "body": {
        "error": {
          "code": 400,
          "message": "Schedule or time zone is invalid.",
          "status": "INVALID_ARGUMENT"
        }
      },
      "response": {
        "statusCode": 400
      }
    },
    "exit": 1,
    "message": "HTTP Error: 400, Schedule or time zone is invalid.",
    "status": 400,
    "code": 400
  }
}
[debug] [2024-01-23T16:24:44.602Z] Error: Failed to upsert schedule function updateTopPostTimer in region us-central1
    at /usr/local/lib/node_modules/firebase-tools/lib/deploy/functions/release/fabricator.js:51:11
    at process.processTicksAndRejections (node:internal/process/task_queues:95:5)
    at async Fabricator.upsertScheduleV1 (/usr/local/lib/node_modules/firebase-tools/lib/deploy/functions/release/fabricator.js:504:9)
    at async Fabricator.setTrigger (/usr/local/lib/node_modules/firebase-tools/lib/deploy/functions/release/fabricator.js:467:17)
    at async Fabricator.updateEndpoint (/usr/local/lib/node_modules/firebase-tools/lib/deploy/functions/release/fabricator.js:159:9)
    at async handle (/usr/local/lib/node_modules/firebase-tools/lib/deploy/functions/release/fabricator.js:88:17)
[error] 
[error] Error: There was an error deploying functions
